# JRE version: OpenJDK Runtime Environment (17.0.11) (build 17.0.11+0--11852314)
# Java VM: OpenJDK 64-Bit Server VM (17.0.11+0--11852314, mixed mode, tiered, compressed oops, compressed class ptrs, g1 gc, windows-amd64)
GC Precious Log:
 CPUs: 8 total, 8 available
 Memory: 15773M
 Large Page Support: Disabled
 NUMA Support: Disabled
 Compressed Oops: Enabled (32-bit)
 Heap Region Size: 1M
 Heap Min Capacity: 8M
 Heap Initial Capacity: 248M
 Heap Max Capacity: 2G
 Pre-touch: Disabled
 Parallel Workers: 8
 Concurrent Workers: 2
 Concurrent Refinement Workers: 8
 Periodic GC: Disabled
Heap:
 garbage-first heap   total 495616K, used 144086K [0x0000000080000000, 0x0000000100000000)
  region size 1024K, 4 young (4096K), 4 survivors (4096K)
 Metaspace       used 156302K, committed 158208K, reserved 1245184K
  class space    used 20601K, committed 21504K, reserved 1048576K
GC Heap History (20 events):
Event: 6627.139 GC heap after
{Heap after GC invocations=81 (full 0):
 garbage-first heap   total 495616K, used 139655K [0x0000000080000000, 0x0000000100000000)
  region size 1024K, 3 young (3072K), 3 survivors (3072K)
 Metaspace       used 153018K, committed 154624K, reserved 1245184K
  class space    used 20304K, committed 21056K, reserved 1048576K
}
Event: 8771.556 GC heap before
{Heap before GC invocations=81 (full 0):
 garbage-first heap   total 495616K, used 355719K [0x0000000080000000, 0x0000000100000000)
  region size 1024K, 216 young (221184K), 3 survivors (3072K)
 Metaspace       used 153331K, committed 154944K, reserved 1245184K
  class space    used 20305K, committed 21056K, reserved 1048576K
}
Event: 8771.604 GC heap after
{Heap after GC invocations=82 (full 0):
 garbage-first heap   total 495616K, used 152196K [0x0000000080000000, 0x0000000100000000)
  region size 1024K, 15 young (15360K), 15 survivors (15360K)
 Metaspace       used 153331K, committed 154944K, reserved 1245184K
  class space    used 20305K, committed 21056K, reserved 1048576K
}
Event: 10763.369 GC heap before
{Heap before GC invocations=83 (full 0):
 garbage-first heap   total 495616K, used 426628K [0x0000000080000000, 0x0000000100000000)
  region size 1024K, 253 young (259072K), 15 survivors (15360K)
 Metaspace       used 152773K, committed 154560K, reserved 1245184K
  class space    used 20141K, committed 20928K, reserved 1048576K
}
Event: 10763.387 GC heap after
{Heap after GC invocations=84 (full 0):
 garbage-first heap   total 495616K, used 153641K [0x0000000080000000, 0x0000000100000000)
  region size 1024K, 17 young (17408K), 17 survivors (17408K)
 Metaspace       used 152773K, committed 154560K, reserved 1245184K
  class space    used 20141K, committed 20928K, reserved 1048576K
}
Event: 10763.576 GC heap before
{Heap before GC invocations=84 (full 0):
 garbage-first heap   total 495616K, used 160809K [0x0000000080000000, 0x0000000100000000)
  region size 1024K, 24 young (24576K), 17 survivors (17408K)
 Metaspace       used 152867K, committed 154560K, reserved 1245184K
  class space    used 20142K, committed 20928K, reserved 1048576K
}
Event: 10763.597 GC heap after
{Heap after GC invocations=85 (full 0):
 garbage-first heap   total 495616K, used 141590K [0x0000000080000000, 0x0000000100000000)
  region size 1024K, 3 young (3072K), 3 survivors (3072K)
 Metaspace       used 152867K, committed 154560K, reserved 1245184K
  class space    used 20142K, committed 20928K, reserved 1048576K
}
Event: 10766.403 GC heap before
{Heap before GC invocations=85 (full 0):
 garbage-first heap   total 495616K, used 205078K [0x0000000080000000, 0x0000000100000000)
  region size 1024K, 67 young (68608K), 3 survivors (3072K)
 Metaspace       used 153409K, committed 154880K, reserved 1245184K
  class space    used 20188K, committed 20928K, reserved 1048576K
}
Event: 10766.408 GC heap after
{Heap after GC invocations=86 (full 0):
 garbage-first heap   total 495616K, used 142727K [0x0000000080000000, 0x0000000100000000)
  region size 1024K, 5 young (5120K), 5 survivors (5120K)
 Metaspace       used 153409K, committed 154880K, reserved 1245184K
  class space    used 20188K, committed 20928K, reserved 1048576K
}
Event: 10825.377 GC heap before
{Heap before GC invocations=87 (full 0):
 garbage-first heap   total 495616K, used 435591K [0x0000000080000000, 0x0000000100000000)
  region size 1024K, 233 young (238592K), 5 survivors (5120K)
 Metaspace       used 153726K, committed 155200K, reserved 1245184K
  class space    used 20185K, committed 20928K, reserved 1048576K
}
Event: 10825.392 GC heap after
{Heap after GC invocations=88 (full 0):
 garbage-first heap   total 495616K, used 151412K [0x0000000080000000, 0x0000000100000000)
  region size 1024K, 14 young (14336K), 14 survivors (14336K)
 Metaspace       used 153726K, committed 155200K, reserved 1245184K
  class space    used 20185K, committed 20928K, reserved 1048576K
}
Event: 10825.476 GC heap before
{Heap before GC invocations=88 (full 0):
 garbage-first heap   total 495616K, used 161652K [0x0000000080000000, 0x0000000100000000)
  region size 1024K, 24 young (24576K), 14 survivors (14336K)
 Metaspace       used 153739K, committed 155264K, reserved 1245184K
  class space    used 20185K, committed 20928K, reserved 1048576K
}
Event: 10825.494 GC heap after
{Heap after GC invocations=89 (full 0):
 garbage-first heap   total 495616K, used 143106K [0x0000000080000000, 0x0000000100000000)
  region size 1024K, 3 young (3072K), 3 survivors (3072K)
 Metaspace       used 153739K, committed 155264K, reserved 1245184K
  class space    used 20185K, committed 20928K, reserved 1048576K
}
Event: 10845.354 GC heap before
{Heap before GC invocations=89 (full 0):
 garbage-first heap   total 495616K, used 254722K [0x0000000080000000, 0x0000000100000000)
  region size 1024K, 113 young (115712K), 3 survivors (3072K)
 Metaspace       used 153929K, committed 155392K, reserved 1245184K
  class space    used 20208K, committed 20928K, reserved 1048576K
}
Event: 10845.359 GC heap after
{Heap after GC invocations=90 (full 0):
 garbage-first heap   total 495616K, used 143215K [0x0000000080000000, 0x0000000100000000)
  region size 1024K, 3 young (3072K), 3 survivors (3072K)
 Metaspace       used 153929K, committed 155392K, reserved 1245184K
  class space    used 20208K, committed 20928K, reserved 1048576K
}
Event: 12009.671 GC heap before
{Heap before GC invocations=91 (full 0):
 garbage-first heap   total 495616K, used 430959K [0x0000000080000000, 0x0000000100000000)
  region size 1024K, 246 young (251904K), 3 survivors (3072K)
 Metaspace       used 155983K, committed 157824K, reserved 1245184K
  class space    used 20574K, committed 21440K, reserved 1048576K
}
Event: 12009.685 GC heap after
{Heap after GC invocations=92 (full 0):
 garbage-first heap   total 495616K, used 152367K [0x0000000080000000, 0x0000000100000000)
  region size 1024K, 12 young (12288K), 12 survivors (12288K)
 Metaspace       used 155983K, committed 157824K, reserved 1245184K
  class space    used 20574K, committed 21440K, reserved 1048576K
}
Event: 12009.815 GC heap before
{Heap before GC invocations=92 (full 0):
 garbage-first heap   total 495616K, used 163631K [0x0000000080000000, 0x0000000100000000)
  region size 1024K, 24 young (24576K), 12 survivors (12288K)
 Metaspace       used 156013K, committed 157888K, reserved 1245184K
  class space    used 20579K, committed 21440K, reserved 1048576K
}
Event: 12009.840 GC heap after
{Heap after GC invocations=93 (full 0):
 garbage-first heap   total 495616K, used 142943K [0x0000000080000000, 0x0000000100000000)
  region size 1024K, 3 young (3072K), 3 survivors (3072K)
 Metaspace       used 156013K, committed 157888K, reserved 1245184K
  class space    used 20579K, committed 21440K, reserved 1048576K
}
Event: 12023.015 GC heap before
{Heap before GC invocations=93 (full 0):
 garbage-first heap   total 495616K, used 335455K [0x0000000080000000, 0x0000000100000000)
  region size 1024K, 193 young (197632K), 3 survivors (3072K)
 Metaspace       used 156302K, committed 158208K, reserved 1245184K
  class space    used 20601K, committed 21504K, reserved 1048576K
}

